Arguments: 
  /home/neko/.nvm/versions/node/v12.22.6/bin/node /usr/share/yarn/bin/yarn.js

PATH: 
  /home/neko/.nvm/versions/node/v12.22.6/bin:/usr/local/sbin:/usr/local/bin:/usr/sbin:/usr/bin:/sbin:/bin:/usr/games:/usr/local/games:/snap/bin

Yarn version: 
  1.22.5

Node version: 
  12.22.6

Platform: 
  linux x64

Trace: 
  SyntaxError: /home/neko/projects/neko-contracts/package.json: Unexpected token } in JSON at position 763
      at JSON.parse (<anonymous>)
      at /usr/share/yarn/lib/cli.js:1625:59
      at Generator.next (<anonymous>)
      at step (/usr/share/yarn/lib/cli.js:310:30)
      at /usr/share/yarn/lib/cli.js:321:13

npm manifest: 
  {
    "name": "neko-contracts",
    "version": "1.0.0",
    "description": "Good luck charm",
    "main": "deploy.js",
    "scripts": {
      "test": "echo \"Error: no test specified\" && exit 1"
    },
    "repository": {
      "type": "git",
      "url": "git+https://github.com/nekoverse/neko.git"
    },
    "keywords": [],
    "author": "",
    "license": "ISC",
    "bugs": {
      "url": "https://github.com/nekoverse/neko/issues"
    },
    "homepage": "https://github.com/nekoverse/neko#readme",
    "devDependencies": {
      "@nomiclabs/hardhat-ethers": "^2.0.2",
      "@nomiclabs/hardhat-waffle": "^2.0.1",
      "@openzeppelin/contracts": "^3.4.0",
      "@pangolindex/exchange-contracts": "^1.0.1",
      "@poanet/solidity-flattener": "^3.0.6",
      "ethers": "^5.1.4",
      "hardhat": "^2.2.1",
    }
  }

yarn manifest: 
  No manifest

Lockfile: 
  No lockfile
